CRITICAL - 2024-08-23 15:44:04 --> ErrorException: Undefined variable $timeout
[Method: GET, Route: shop]
in APPPATH\Views\shop.php on line 22.
 1 APPPATH\Views\shop.php(22): CodeIgniter\Debug\Exceptions->errorHandler(2, 'Undefined variable $timeout', 'C:\\xampp\\htdocs\\firstci4\\app\\Views\\shop.php', 22)
 2 SYSTEMPATH\View\View.php(234): include('C:\\xampp\\htdocs\\firstci4\\app\\Views\\shop.php')
 3 SYSTEMPATH\View\View.php(237): CodeIgniter\View\View->CodeIgniter\View\{closure}()
 4 SYSTEMPATH\Common.php(1169): CodeIgniter\View\View->render('shop', [], true)
 5 APPPATH\Controllers\Shop.php(9): view('shop')
 6 SYSTEMPATH\CodeIgniter.php(933): App\Controllers\Shop->index()
 7 SYSTEMPATH\CodeIgniter.php(509): CodeIgniter\CodeIgniter->runController(Object(App\Controllers\Shop))
 8 SYSTEMPATH\CodeIgniter.php(355): CodeIgniter\CodeIgniter->handleRequest(null, Object(Config\Cache), false)
 9 SYSTEMPATH\Boot.php(325): CodeIgniter\CodeIgniter->run()
10 SYSTEMPATH\Boot.php(67): CodeIgniter\Boot::runCodeIgniter(Object(CodeIgniter\CodeIgniter))
11 FCPATH\index.php(56): CodeIgniter\Boot::bootWeb(Object(Config\Paths))
CRITICAL - 2024-08-23 15:44:37 --> ErrorException: Undefined variable $ceksensor2
[Method: GET, Route: shop]
in APPPATH\Views\shop.php on line 87.
 1 APPPATH\Views\shop.php(87): CodeIgniter\Debug\Exceptions->errorHandler(2, 'Undefined variable $ceksensor2', 'C:\\xampp\\htdocs\\firstci4\\app\\Views\\shop.php', 87)
 2 SYSTEMPATH\View\View.php(234): include('C:\\xampp\\htdocs\\firstci4\\app\\Views\\shop.php')
 3 SYSTEMPATH\View\View.php(237): CodeIgniter\View\View->CodeIgniter\View\{closure}()
 4 SYSTEMPATH\Common.php(1169): CodeIgniter\View\View->render('shop', [], true)
 5 APPPATH\Controllers\Shop.php(9): view('shop')
 6 SYSTEMPATH\CodeIgniter.php(933): App\Controllers\Shop->index()
 7 SYSTEMPATH\CodeIgniter.php(509): CodeIgniter\CodeIgniter->runController(Object(App\Controllers\Shop))
 8 SYSTEMPATH\CodeIgniter.php(355): CodeIgniter\CodeIgniter->handleRequest(null, Object(Config\Cache), false)
 9 SYSTEMPATH\Boot.php(325): CodeIgniter\CodeIgniter->run()
10 SYSTEMPATH\Boot.php(67): CodeIgniter\Boot::runCodeIgniter(Object(CodeIgniter\CodeIgniter))
11 FCPATH\index.php(56): CodeIgniter\Boot::bootWeb(Object(Config\Paths))
