ERROR - 2025-05-19 15:54:02 --> mysqli_sql_exception: Unknown column 'ArcTotal' in 'field list' in C:\wamp64\www\ronstan\vendor\codeigniter4\framework\system\Database\MySQLi\Connection.php:312
Stack trace:
#0 C:\wamp64\www\ronstan\vendor\codeigniter4\framework\system\Database\MySQLi\Connection.php(312): mysqli->query('SELECT `id`, `A...', 0)
#1 C:\wamp64\www\ronstan\vendor\codeigniter4\framework\system\Database\BaseConnection.php(734): CodeIgniter\Database\MySQLi\Connection->execute('SELECT `id`, `A...')
#2 C:\wamp64\www\ronstan\vendor\codeigniter4\framework\system\Database\BaseConnection.php(648): CodeIgniter\Database\BaseConnection->simpleQuery('SELECT `id`, `A...')
#3 C:\wamp64\www\ronstan\vendor\codeigniter4\framework\system\Database\BaseBuilder.php(1644): CodeIgniter\Database\BaseConnection->query('SELECT `id`, `A...', Array, false)
#4 C:\wamp64\www\ronstan\app\Controllers\APIController.php(524): CodeIgniter\Database\BaseBuilder->get()
#5 C:\wamp64\www\ronstan\vendor\codeigniter4\framework\system\CodeIgniter.php(933): App\Controllers\APIController->updateMachineData()
#6 C:\wamp64\www\ronstan\vendor\codeigniter4\framework\system\CodeIgniter.php(509): CodeIgniter\CodeIgniter->runController(Object(App\Controllers\APIController))
#7 C:\wamp64\www\ronstan\vendor\codeigniter4\framework\system\CodeIgniter.php(355): CodeIgniter\CodeIgniter->handleRequest(NULL, Object(Config\Cache), false)
#8 C:\wamp64\www\ronstan\vendor\codeigniter4\framework\system\Boot.php(325): CodeIgniter\CodeIgniter->run()
#9 C:\wamp64\www\ronstan\vendor\codeigniter4\framework\system\Boot.php(67): CodeIgniter\Boot::runCodeIgniter(Object(CodeIgniter\CodeIgniter))
#10 C:\wamp64\www\ronstan\public\index.php(56): CodeIgniter\Boot::bootWeb(Object(Config\Paths))
#11 {main}
CRITICAL - 2025-05-19 15:54:02 --> CodeIgniter\Database\Exceptions\DatabaseException: Unknown column 'ArcTotal' in 'field list'
[Method: GET, Route: API/updateMachineData]
in SYSTEMPATH\Database\BaseConnection.php on line 688.
 1 SYSTEMPATH\Database\BaseBuilder.php(1644): CodeIgniter\Database\BaseConnection->query('SELECT `id`, `ArcTotal`
FROM `employee`
WHERE `MachineID` = :MachineID:
AND `Area` = :Area:
ORDER BY `id` DESC
 LIMIT 1', [...], false)
 2 APPPATH\Controllers\APIController.php(524): CodeIgniter\Database\BaseBuilder->get()
 3 SYSTEMPATH\CodeIgniter.php(933): App\Controllers\APIController->updateMachineData()
 4 SYSTEMPATH\CodeIgniter.php(509): CodeIgniter\CodeIgniter->runController(Object(App\Controllers\APIController))
 5 SYSTEMPATH\CodeIgniter.php(355): CodeIgniter\CodeIgniter->handleRequest(null, Object(Config\Cache), false)
 6 SYSTEMPATH\Boot.php(325): CodeIgniter\CodeIgniter->run()
 7 SYSTEMPATH\Boot.php(67): CodeIgniter\Boot::runCodeIgniter(Object(CodeIgniter\CodeIgniter))
 8 FCPATH\index.php(56): CodeIgniter\Boot::bootWeb(Object(Config\Paths))
CRITICAL - 2025-05-19 15:54:02 --> [Caused by] CodeIgniter\Database\Exceptions\DatabaseException: Unknown column 'ArcTotal' in 'field list'
in SYSTEMPATH\Database\MySQLi\Connection.php on line 317.
 1 SYSTEMPATH\Database\BaseConnection.php(734): CodeIgniter\Database\MySQLi\Connection->execute('SELECT `id`, `ArcTotal`
FROM `employee`
WHERE `MachineID` = \'A20-2534\'
AND `Area` = \'1\'
ORDER BY `id` DESC
 LIMIT 1')
 2 SYSTEMPATH\Database\BaseConnection.php(648): CodeIgniter\Database\BaseConnection->simpleQuery('SELECT `id`, `ArcTotal`
FROM `employee`
WHERE `MachineID` = \'A20-2534\'
AND `Area` = \'1\'
ORDER BY `id` DESC
 LIMIT 1')
 3 SYSTEMPATH\Database\BaseBuilder.php(1644): CodeIgniter\Database\BaseConnection->query('SELECT `id`, `ArcTotal`
FROM `employee`
WHERE `MachineID` = :MachineID:
AND `Area` = :Area:
ORDER BY `id` DESC
 LIMIT 1', [...], false)
 4 APPPATH\Controllers\APIController.php(524): CodeIgniter\Database\BaseBuilder->get()
 5 SYSTEMPATH\CodeIgniter.php(933): App\Controllers\APIController->updateMachineData()
 6 SYSTEMPATH\CodeIgniter.php(509): CodeIgniter\CodeIgniter->runController(Object(App\Controllers\APIController))
 7 SYSTEMPATH\CodeIgniter.php(355): CodeIgniter\CodeIgniter->handleRequest(null, Object(Config\Cache), false)
 8 SYSTEMPATH\Boot.php(325): CodeIgniter\CodeIgniter->run()
 9 SYSTEMPATH\Boot.php(67): CodeIgniter\Boot::runCodeIgniter(Object(CodeIgniter\CodeIgniter))
10 FCPATH\index.php(56): CodeIgniter\Boot::bootWeb(Object(Config\Paths))
CRITICAL - 2025-05-19 15:54:02 --> [Caused by] mysqli_sql_exception: Unknown column 'ArcTotal' in 'field list'
in SYSTEMPATH\Database\MySQLi\Connection.php on line 312.
 1 SYSTEMPATH\Database\MySQLi\Connection.php(312): mysqli->query('SELECT `id`, `ArcTotal`
FROM `employee`
WHERE `MachineID` = \'A20-2534\'
AND `Area` = \'1\'
ORDER BY `id` DESC
 LIMIT 1', 0)
 2 SYSTEMPATH\Database\BaseConnection.php(734): CodeIgniter\Database\MySQLi\Connection->execute('SELECT `id`, `ArcTotal`
FROM `employee`
WHERE `MachineID` = \'A20-2534\'
AND `Area` = \'1\'
ORDER BY `id` DESC
 LIMIT 1')
 3 SYSTEMPATH\Database\BaseConnection.php(648): CodeIgniter\Database\BaseConnection->simpleQuery('SELECT `id`, `ArcTotal`
FROM `employee`
WHERE `MachineID` = \'A20-2534\'
AND `Area` = \'1\'
ORDER BY `id` DESC
 LIMIT 1')
 4 SYSTEMPATH\Database\BaseBuilder.php(1644): CodeIgniter\Database\BaseConnection->query('SELECT `id`, `ArcTotal`
FROM `employee`
WHERE `MachineID` = :MachineID:
AND `Area` = :Area:
ORDER BY `id` DESC
 LIMIT 1', [...], false)
 5 APPPATH\Controllers\APIController.php(524): CodeIgniter\Database\BaseBuilder->get()
 6 SYSTEMPATH\CodeIgniter.php(933): App\Controllers\APIController->updateMachineData()
 7 SYSTEMPATH\CodeIgniter.php(509): CodeIgniter\CodeIgniter->runController(Object(App\Controllers\APIController))
 8 SYSTEMPATH\CodeIgniter.php(355): CodeIgniter\CodeIgniter->handleRequest(null, Object(Config\Cache), false)
 9 SYSTEMPATH\Boot.php(325): CodeIgniter\CodeIgniter->run()
10 SYSTEMPATH\Boot.php(67): CodeIgniter\Boot::runCodeIgniter(Object(CodeIgniter\CodeIgniter))
11 FCPATH\index.php(56): CodeIgniter\Boot::bootWeb(Object(Config\Paths))
ERROR - 2025-05-19 15:54:34 --> mysqli_sql_exception: Unknown column 'ArcTotal' in 'field list' in C:\wamp64\www\ronstan\vendor\codeigniter4\framework\system\Database\MySQLi\Connection.php:312
Stack trace:
#0 C:\wamp64\www\ronstan\vendor\codeigniter4\framework\system\Database\MySQLi\Connection.php(312): mysqli->query('SELECT `id`, `A...', 0)
#1 C:\wamp64\www\ronstan\vendor\codeigniter4\framework\system\Database\BaseConnection.php(734): CodeIgniter\Database\MySQLi\Connection->execute('SELECT `id`, `A...')
#2 C:\wamp64\www\ronstan\vendor\codeigniter4\framework\system\Database\BaseConnection.php(648): CodeIgniter\Database\BaseConnection->simpleQuery('SELECT `id`, `A...')
#3 C:\wamp64\www\ronstan\vendor\codeigniter4\framework\system\Database\BaseBuilder.php(1644): CodeIgniter\Database\BaseConnection->query('SELECT `id`, `A...', Array, false)
#4 C:\wamp64\www\ronstan\app\Controllers\APIController.php(524): CodeIgniter\Database\BaseBuilder->get()
#5 C:\wamp64\www\ronstan\vendor\codeigniter4\framework\system\CodeIgniter.php(933): App\Controllers\APIController->updateMachineData()
#6 C:\wamp64\www\ronstan\vendor\codeigniter4\framework\system\CodeIgniter.php(509): CodeIgniter\CodeIgniter->runController(Object(App\Controllers\APIController))
#7 C:\wamp64\www\ronstan\vendor\codeigniter4\framework\system\CodeIgniter.php(355): CodeIgniter\CodeIgniter->handleRequest(NULL, Object(Config\Cache), false)
#8 C:\wamp64\www\ronstan\vendor\codeigniter4\framework\system\Boot.php(325): CodeIgniter\CodeIgniter->run()
#9 C:\wamp64\www\ronstan\vendor\codeigniter4\framework\system\Boot.php(67): CodeIgniter\Boot::runCodeIgniter(Object(CodeIgniter\CodeIgniter))
#10 C:\wamp64\www\ronstan\public\index.php(56): CodeIgniter\Boot::bootWeb(Object(Config\Paths))
#11 {main}
CRITICAL - 2025-05-19 15:54:34 --> CodeIgniter\Database\Exceptions\DatabaseException: Unknown column 'ArcTotal' in 'field list'
[Method: GET, Route: API/updateMachineData]
in SYSTEMPATH\Database\BaseConnection.php on line 688.
 1 SYSTEMPATH\Database\BaseBuilder.php(1644): CodeIgniter\Database\BaseConnection->query('SELECT `id`, `ArcTotal`
FROM `employee`
WHERE `MachineID` = :MachineID:
AND `Area` = :Area:
ORDER BY `id` DESC
 LIMIT 1', [...], false)
 2 APPPATH\Controllers\APIController.php(524): CodeIgniter\Database\BaseBuilder->get()
 3 SYSTEMPATH\CodeIgniter.php(933): App\Controllers\APIController->updateMachineData()
 4 SYSTEMPATH\CodeIgniter.php(509): CodeIgniter\CodeIgniter->runController(Object(App\Controllers\APIController))
 5 SYSTEMPATH\CodeIgniter.php(355): CodeIgniter\CodeIgniter->handleRequest(null, Object(Config\Cache), false)
 6 SYSTEMPATH\Boot.php(325): CodeIgniter\CodeIgniter->run()
 7 SYSTEMPATH\Boot.php(67): CodeIgniter\Boot::runCodeIgniter(Object(CodeIgniter\CodeIgniter))
 8 FCPATH\index.php(56): CodeIgniter\Boot::bootWeb(Object(Config\Paths))
CRITICAL - 2025-05-19 15:54:34 --> [Caused by] CodeIgniter\Database\Exceptions\DatabaseException: Unknown column 'ArcTotal' in 'field list'
in SYSTEMPATH\Database\MySQLi\Connection.php on line 317.
 1 SYSTEMPATH\Database\BaseConnection.php(734): CodeIgniter\Database\MySQLi\Connection->execute('SELECT `id`, `ArcTotal`
FROM `employee`
WHERE `MachineID` = \'A20-2534\'
AND `Area` = \'1\'
ORDER BY `id` DESC
 LIMIT 1')
 2 SYSTEMPATH\Database\BaseConnection.php(648): CodeIgniter\Database\BaseConnection->simpleQuery('SELECT `id`, `ArcTotal`
FROM `employee`
WHERE `MachineID` = \'A20-2534\'
AND `Area` = \'1\'
ORDER BY `id` DESC
 LIMIT 1')
 3 SYSTEMPATH\Database\BaseBuilder.php(1644): CodeIgniter\Database\BaseConnection->query('SELECT `id`, `ArcTotal`
FROM `employee`
WHERE `MachineID` = :MachineID:
AND `Area` = :Area:
ORDER BY `id` DESC
 LIMIT 1', [...], false)
 4 APPPATH\Controllers\APIController.php(524): CodeIgniter\Database\BaseBuilder->get()
 5 SYSTEMPATH\CodeIgniter.php(933): App\Controllers\APIController->updateMachineData()
 6 SYSTEMPATH\CodeIgniter.php(509): CodeIgniter\CodeIgniter->runController(Object(App\Controllers\APIController))
 7 SYSTEMPATH\CodeIgniter.php(355): CodeIgniter\CodeIgniter->handleRequest(null, Object(Config\Cache), false)
 8 SYSTEMPATH\Boot.php(325): CodeIgniter\CodeIgniter->run()
 9 SYSTEMPATH\Boot.php(67): CodeIgniter\Boot::runCodeIgniter(Object(CodeIgniter\CodeIgniter))
10 FCPATH\index.php(56): CodeIgniter\Boot::bootWeb(Object(Config\Paths))
CRITICAL - 2025-05-19 15:54:34 --> [Caused by] mysqli_sql_exception: Unknown column 'ArcTotal' in 'field list'
in SYSTEMPATH\Database\MySQLi\Connection.php on line 312.
 1 SYSTEMPATH\Database\MySQLi\Connection.php(312): mysqli->query('SELECT `id`, `ArcTotal`
FROM `employee`
WHERE `MachineID` = \'A20-2534\'
AND `Area` = \'1\'
ORDER BY `id` DESC
 LIMIT 1', 0)
 2 SYSTEMPATH\Database\BaseConnection.php(734): CodeIgniter\Database\MySQLi\Connection->execute('SELECT `id`, `ArcTotal`
FROM `employee`
WHERE `MachineID` = \'A20-2534\'
AND `Area` = \'1\'
ORDER BY `id` DESC
 LIMIT 1')
 3 SYSTEMPATH\Database\BaseConnection.php(648): CodeIgniter\Database\BaseConnection->simpleQuery('SELECT `id`, `ArcTotal`
FROM `employee`
WHERE `MachineID` = \'A20-2534\'
AND `Area` = \'1\'
ORDER BY `id` DESC
 LIMIT 1')
 4 SYSTEMPATH\Database\BaseBuilder.php(1644): CodeIgniter\Database\BaseConnection->query('SELECT `id`, `ArcTotal`
FROM `employee`
WHERE `MachineID` = :MachineID:
AND `Area` = :Area:
ORDER BY `id` DESC
 LIMIT 1', [...], false)
 5 APPPATH\Controllers\APIController.php(524): CodeIgniter\Database\BaseBuilder->get()
 6 SYSTEMPATH\CodeIgniter.php(933): App\Controllers\APIController->updateMachineData()
 7 SYSTEMPATH\CodeIgniter.php(509): CodeIgniter\CodeIgniter->runController(Object(App\Controllers\APIController))
 8 SYSTEMPATH\CodeIgniter.php(355): CodeIgniter\CodeIgniter->handleRequest(null, Object(Config\Cache), false)
 9 SYSTEMPATH\Boot.php(325): CodeIgniter\CodeIgniter->run()
10 SYSTEMPATH\Boot.php(67): CodeIgniter\Boot::runCodeIgniter(Object(CodeIgniter\CodeIgniter))
11 FCPATH\index.php(56): CodeIgniter\Boot::bootWeb(Object(Config\Paths))
ERROR - 2025-05-19 15:55:01 --> mysqli_sql_exception: Unknown column 'ArcTotal' in 'field list' in C:\wamp64\www\ronstan\vendor\codeigniter4\framework\system\Database\MySQLi\Connection.php:312
Stack trace:
#0 C:\wamp64\www\ronstan\vendor\codeigniter4\framework\system\Database\MySQLi\Connection.php(312): mysqli->query('SELECT `id`, `A...', 0)
#1 C:\wamp64\www\ronstan\vendor\codeigniter4\framework\system\Database\BaseConnection.php(734): CodeIgniter\Database\MySQLi\Connection->execute('SELECT `id`, `A...')
#2 C:\wamp64\www\ronstan\vendor\codeigniter4\framework\system\Database\BaseConnection.php(648): CodeIgniter\Database\BaseConnection->simpleQuery('SELECT `id`, `A...')
#3 C:\wamp64\www\ronstan\vendor\codeigniter4\framework\system\Database\BaseBuilder.php(1644): CodeIgniter\Database\BaseConnection->query('SELECT `id`, `A...', Array, false)
#4 C:\wamp64\www\ronstan\app\Controllers\APIController.php(524): CodeIgniter\Database\BaseBuilder->get()
#5 C:\wamp64\www\ronstan\vendor\codeigniter4\framework\system\CodeIgniter.php(933): App\Controllers\APIController->updateMachineData()
#6 C:\wamp64\www\ronstan\vendor\codeigniter4\framework\system\CodeIgniter.php(509): CodeIgniter\CodeIgniter->runController(Object(App\Controllers\APIController))
#7 C:\wamp64\www\ronstan\vendor\codeigniter4\framework\system\CodeIgniter.php(355): CodeIgniter\CodeIgniter->handleRequest(NULL, Object(Config\Cache), false)
#8 C:\wamp64\www\ronstan\vendor\codeigniter4\framework\system\Boot.php(325): CodeIgniter\CodeIgniter->run()
#9 C:\wamp64\www\ronstan\vendor\codeigniter4\framework\system\Boot.php(67): CodeIgniter\Boot::runCodeIgniter(Object(CodeIgniter\CodeIgniter))
#10 C:\wamp64\www\ronstan\public\index.php(56): CodeIgniter\Boot::bootWeb(Object(Config\Paths))
#11 {main}
CRITICAL - 2025-05-19 15:55:01 --> CodeIgniter\Database\Exceptions\DatabaseException: Unknown column 'ArcTotal' in 'field list'
[Method: GET, Route: API/updateMachineData]
in SYSTEMPATH\Database\BaseConnection.php on line 688.
 1 SYSTEMPATH\Database\BaseBuilder.php(1644): CodeIgniter\Database\BaseConnection->query('SELECT `id`, `ArcTotal`
FROM `employee`
WHERE `MachineID` = :MachineID:
AND `Area` = :Area:
ORDER BY `id` DESC
 LIMIT 1', [...], false)
 2 APPPATH\Controllers\APIController.php(524): CodeIgniter\Database\BaseBuilder->get()
 3 SYSTEMPATH\CodeIgniter.php(933): App\Controllers\APIController->updateMachineData()
 4 SYSTEMPATH\CodeIgniter.php(509): CodeIgniter\CodeIgniter->runController(Object(App\Controllers\APIController))
 5 SYSTEMPATH\CodeIgniter.php(355): CodeIgniter\CodeIgniter->handleRequest(null, Object(Config\Cache), false)
 6 SYSTEMPATH\Boot.php(325): CodeIgniter\CodeIgniter->run()
 7 SYSTEMPATH\Boot.php(67): CodeIgniter\Boot::runCodeIgniter(Object(CodeIgniter\CodeIgniter))
 8 FCPATH\index.php(56): CodeIgniter\Boot::bootWeb(Object(Config\Paths))
CRITICAL - 2025-05-19 15:55:01 --> [Caused by] CodeIgniter\Database\Exceptions\DatabaseException: Unknown column 'ArcTotal' in 'field list'
in SYSTEMPATH\Database\MySQLi\Connection.php on line 317.
 1 SYSTEMPATH\Database\BaseConnection.php(734): CodeIgniter\Database\MySQLi\Connection->execute('SELECT `id`, `ArcTotal`
FROM `employee`
WHERE `MachineID` = \'A20-2534\'
AND `Area` = \'1\'
ORDER BY `id` DESC
 LIMIT 1')
 2 SYSTEMPATH\Database\BaseConnection.php(648): CodeIgniter\Database\BaseConnection->simpleQuery('SELECT `id`, `ArcTotal`
FROM `employee`
WHERE `MachineID` = \'A20-2534\'
AND `Area` = \'1\'
ORDER BY `id` DESC
 LIMIT 1')
 3 SYSTEMPATH\Database\BaseBuilder.php(1644): CodeIgniter\Database\BaseConnection->query('SELECT `id`, `ArcTotal`
FROM `employee`
WHERE `MachineID` = :MachineID:
AND `Area` = :Area:
ORDER BY `id` DESC
 LIMIT 1', [...], false)
 4 APPPATH\Controllers\APIController.php(524): CodeIgniter\Database\BaseBuilder->get()
 5 SYSTEMPATH\CodeIgniter.php(933): App\Controllers\APIController->updateMachineData()
 6 SYSTEMPATH\CodeIgniter.php(509): CodeIgniter\CodeIgniter->runController(Object(App\Controllers\APIController))
 7 SYSTEMPATH\CodeIgniter.php(355): CodeIgniter\CodeIgniter->handleRequest(null, Object(Config\Cache), false)
 8 SYSTEMPATH\Boot.php(325): CodeIgniter\CodeIgniter->run()
 9 SYSTEMPATH\Boot.php(67): CodeIgniter\Boot::runCodeIgniter(Object(CodeIgniter\CodeIgniter))
10 FCPATH\index.php(56): CodeIgniter\Boot::bootWeb(Object(Config\Paths))
CRITICAL - 2025-05-19 15:55:01 --> [Caused by] mysqli_sql_exception: Unknown column 'ArcTotal' in 'field list'
in SYSTEMPATH\Database\MySQLi\Connection.php on line 312.
 1 SYSTEMPATH\Database\MySQLi\Connection.php(312): mysqli->query('SELECT `id`, `ArcTotal`
FROM `employee`
WHERE `MachineID` = \'A20-2534\'
AND `Area` = \'1\'
ORDER BY `id` DESC
 LIMIT 1', 0)
 2 SYSTEMPATH\Database\BaseConnection.php(734): CodeIgniter\Database\MySQLi\Connection->execute('SELECT `id`, `ArcTotal`
FROM `employee`
WHERE `MachineID` = \'A20-2534\'
AND `Area` = \'1\'
ORDER BY `id` DESC
 LIMIT 1')
 3 SYSTEMPATH\Database\BaseConnection.php(648): CodeIgniter\Database\BaseConnection->simpleQuery('SELECT `id`, `ArcTotal`
FROM `employee`
WHERE `MachineID` = \'A20-2534\'
AND `Area` = \'1\'
ORDER BY `id` DESC
 LIMIT 1')
 4 SYSTEMPATH\Database\BaseBuilder.php(1644): CodeIgniter\Database\BaseConnection->query('SELECT `id`, `ArcTotal`
FROM `employee`
WHERE `MachineID` = :MachineID:
AND `Area` = :Area:
ORDER BY `id` DESC
 LIMIT 1', [...], false)
 5 APPPATH\Controllers\APIController.php(524): CodeIgniter\Database\BaseBuilder->get()
 6 SYSTEMPATH\CodeIgniter.php(933): App\Controllers\APIController->updateMachineData()
 7 SYSTEMPATH\CodeIgniter.php(509): CodeIgniter\CodeIgniter->runController(Object(App\Controllers\APIController))
 8 SYSTEMPATH\CodeIgniter.php(355): CodeIgniter\CodeIgniter->handleRequest(null, Object(Config\Cache), false)
 9 SYSTEMPATH\Boot.php(325): CodeIgniter\CodeIgniter->run()
10 SYSTEMPATH\Boot.php(67): CodeIgniter\Boot::runCodeIgniter(Object(CodeIgniter\CodeIgniter))
11 FCPATH\index.php(56): CodeIgniter\Boot::bootWeb(Object(Config\Paths))
ERROR - 2025-05-19 15:59:37 --> mysqli_sql_exception: Unknown column 'ArcTotal' in 'field list' in C:\wamp64\www\ronstan\vendor\codeigniter4\framework\system\Database\MySQLi\Connection.php:312
Stack trace:
#0 C:\wamp64\www\ronstan\vendor\codeigniter4\framework\system\Database\MySQLi\Connection.php(312): mysqli->query('SELECT `id`, `A...', 0)
#1 C:\wamp64\www\ronstan\vendor\codeigniter4\framework\system\Database\BaseConnection.php(734): CodeIgniter\Database\MySQLi\Connection->execute('SELECT `id`, `A...')
#2 C:\wamp64\www\ronstan\vendor\codeigniter4\framework\system\Database\BaseConnection.php(648): CodeIgniter\Database\BaseConnection->simpleQuery('SELECT `id`, `A...')
#3 C:\wamp64\www\ronstan\vendor\codeigniter4\framework\system\Database\BaseBuilder.php(1644): CodeIgniter\Database\BaseConnection->query('SELECT `id`, `A...', Array, false)
#4 C:\wamp64\www\ronstan\app\Controllers\APIController.php(524): CodeIgniter\Database\BaseBuilder->get()
#5 C:\wamp64\www\ronstan\vendor\codeigniter4\framework\system\CodeIgniter.php(933): App\Controllers\APIController->updateMachineData()
#6 C:\wamp64\www\ronstan\vendor\codeigniter4\framework\system\CodeIgniter.php(509): CodeIgniter\CodeIgniter->runController(Object(App\Controllers\APIController))
#7 C:\wamp64\www\ronstan\vendor\codeigniter4\framework\system\CodeIgniter.php(355): CodeIgniter\CodeIgniter->handleRequest(NULL, Object(Config\Cache), false)
#8 C:\wamp64\www\ronstan\vendor\codeigniter4\framework\system\Boot.php(325): CodeIgniter\CodeIgniter->run()
#9 C:\wamp64\www\ronstan\vendor\codeigniter4\framework\system\Boot.php(67): CodeIgniter\Boot::runCodeIgniter(Object(CodeIgniter\CodeIgniter))
#10 C:\wamp64\www\ronstan\public\index.php(56): CodeIgniter\Boot::bootWeb(Object(Config\Paths))
#11 {main}
CRITICAL - 2025-05-19 15:59:37 --> CodeIgniter\Database\Exceptions\DatabaseException: Unknown column 'ArcTotal' in 'field list'
[Method: GET, Route: API/updateMachineData]
in SYSTEMPATH\Database\BaseConnection.php on line 688.
 1 SYSTEMPATH\Database\BaseBuilder.php(1644): CodeIgniter\Database\BaseConnection->query('SELECT `id`, `ArcTotal`
FROM `employee`
WHERE `MachineID` = :MachineID:
AND `Area` = :Area:
ORDER BY `id` DESC
 LIMIT 1', [...], false)
 2 APPPATH\Controllers\APIController.php(524): CodeIgniter\Database\BaseBuilder->get()
 3 SYSTEMPATH\CodeIgniter.php(933): App\Controllers\APIController->updateMachineData()
 4 SYSTEMPATH\CodeIgniter.php(509): CodeIgniter\CodeIgniter->runController(Object(App\Controllers\APIController))
 5 SYSTEMPATH\CodeIgniter.php(355): CodeIgniter\CodeIgniter->handleRequest(null, Object(Config\Cache), false)
 6 SYSTEMPATH\Boot.php(325): CodeIgniter\CodeIgniter->run()
 7 SYSTEMPATH\Boot.php(67): CodeIgniter\Boot::runCodeIgniter(Object(CodeIgniter\CodeIgniter))
 8 FCPATH\index.php(56): CodeIgniter\Boot::bootWeb(Object(Config\Paths))
CRITICAL - 2025-05-19 15:59:37 --> [Caused by] CodeIgniter\Database\Exceptions\DatabaseException: Unknown column 'ArcTotal' in 'field list'
in SYSTEMPATH\Database\MySQLi\Connection.php on line 317.
 1 SYSTEMPATH\Database\BaseConnection.php(734): CodeIgniter\Database\MySQLi\Connection->execute('SELECT `id`, `ArcTotal`
FROM `employee`
WHERE `MachineID` = \'A20-2534\'
AND `Area` = \'1\'
ORDER BY `id` DESC
 LIMIT 1')
 2 SYSTEMPATH\Database\BaseConnection.php(648): CodeIgniter\Database\BaseConnection->simpleQuery('SELECT `id`, `ArcTotal`
FROM `employee`
WHERE `MachineID` = \'A20-2534\'
AND `Area` = \'1\'
ORDER BY `id` DESC
 LIMIT 1')
 3 SYSTEMPATH\Database\BaseBuilder.php(1644): CodeIgniter\Database\BaseConnection->query('SELECT `id`, `ArcTotal`
FROM `employee`
WHERE `MachineID` = :MachineID:
AND `Area` = :Area:
ORDER BY `id` DESC
 LIMIT 1', [...], false)
 4 APPPATH\Controllers\APIController.php(524): CodeIgniter\Database\BaseBuilder->get()
 5 SYSTEMPATH\CodeIgniter.php(933): App\Controllers\APIController->updateMachineData()
 6 SYSTEMPATH\CodeIgniter.php(509): CodeIgniter\CodeIgniter->runController(Object(App\Controllers\APIController))
 7 SYSTEMPATH\CodeIgniter.php(355): CodeIgniter\CodeIgniter->handleRequest(null, Object(Config\Cache), false)
 8 SYSTEMPATH\Boot.php(325): CodeIgniter\CodeIgniter->run()
 9 SYSTEMPATH\Boot.php(67): CodeIgniter\Boot::runCodeIgniter(Object(CodeIgniter\CodeIgniter))
10 FCPATH\index.php(56): CodeIgniter\Boot::bootWeb(Object(Config\Paths))
CRITICAL - 2025-05-19 15:59:37 --> [Caused by] mysqli_sql_exception: Unknown column 'ArcTotal' in 'field list'
in SYSTEMPATH\Database\MySQLi\Connection.php on line 312.
 1 SYSTEMPATH\Database\MySQLi\Connection.php(312): mysqli->query('SELECT `id`, `ArcTotal`
FROM `employee`
WHERE `MachineID` = \'A20-2534\'
AND `Area` = \'1\'
ORDER BY `id` DESC
 LIMIT 1', 0)
 2 SYSTEMPATH\Database\BaseConnection.php(734): CodeIgniter\Database\MySQLi\Connection->execute('SELECT `id`, `ArcTotal`
FROM `employee`
WHERE `MachineID` = \'A20-2534\'
AND `Area` = \'1\'
ORDER BY `id` DESC
 LIMIT 1')
 3 SYSTEMPATH\Database\BaseConnection.php(648): CodeIgniter\Database\BaseConnection->simpleQuery('SELECT `id`, `ArcTotal`
FROM `employee`
WHERE `MachineID` = \'A20-2534\'
AND `Area` = \'1\'
ORDER BY `id` DESC
 LIMIT 1')
 4 SYSTEMPATH\Database\BaseBuilder.php(1644): CodeIgniter\Database\BaseConnection->query('SELECT `id`, `ArcTotal`
FROM `employee`
WHERE `MachineID` = :MachineID:
AND `Area` = :Area:
ORDER BY `id` DESC
 LIMIT 1', [...], false)
 5 APPPATH\Controllers\APIController.php(524): CodeIgniter\Database\BaseBuilder->get()
 6 SYSTEMPATH\CodeIgniter.php(933): App\Controllers\APIController->updateMachineData()
 7 SYSTEMPATH\CodeIgniter.php(509): CodeIgniter\CodeIgniter->runController(Object(App\Controllers\APIController))
 8 SYSTEMPATH\CodeIgniter.php(355): CodeIgniter\CodeIgniter->handleRequest(null, Object(Config\Cache), false)
 9 SYSTEMPATH\Boot.php(325): CodeIgniter\CodeIgniter->run()
10 SYSTEMPATH\Boot.php(67): CodeIgniter\Boot::runCodeIgniter(Object(CodeIgniter\CodeIgniter))
11 FCPATH\index.php(56): CodeIgniter\Boot::bootWeb(Object(Config\Paths))
ERROR - 2025-05-19 15:59:59 --> mysqli_sql_exception: Unknown column 'ArcTotal' in 'field list' in C:\wamp64\www\ronstan\vendor\codeigniter4\framework\system\Database\MySQLi\Connection.php:312
Stack trace:
#0 C:\wamp64\www\ronstan\vendor\codeigniter4\framework\system\Database\MySQLi\Connection.php(312): mysqli->query('SELECT `id`, `A...', 0)
#1 C:\wamp64\www\ronstan\vendor\codeigniter4\framework\system\Database\BaseConnection.php(734): CodeIgniter\Database\MySQLi\Connection->execute('SELECT `id`, `A...')
#2 C:\wamp64\www\ronstan\vendor\codeigniter4\framework\system\Database\BaseConnection.php(648): CodeIgniter\Database\BaseConnection->simpleQuery('SELECT `id`, `A...')
#3 C:\wamp64\www\ronstan\vendor\codeigniter4\framework\system\Database\BaseBuilder.php(1644): CodeIgniter\Database\BaseConnection->query('SELECT `id`, `A...', Array, false)
#4 C:\wamp64\www\ronstan\app\Controllers\APIController.php(524): CodeIgniter\Database\BaseBuilder->get()
#5 C:\wamp64\www\ronstan\vendor\codeigniter4\framework\system\CodeIgniter.php(933): App\Controllers\APIController->updateMachineData()
#6 C:\wamp64\www\ronstan\vendor\codeigniter4\framework\system\CodeIgniter.php(509): CodeIgniter\CodeIgniter->runController(Object(App\Controllers\APIController))
#7 C:\wamp64\www\ronstan\vendor\codeigniter4\framework\system\CodeIgniter.php(355): CodeIgniter\CodeIgniter->handleRequest(NULL, Object(Config\Cache), false)
#8 C:\wamp64\www\ronstan\vendor\codeigniter4\framework\system\Boot.php(325): CodeIgniter\CodeIgniter->run()
#9 C:\wamp64\www\ronstan\vendor\codeigniter4\framework\system\Boot.php(67): CodeIgniter\Boot::runCodeIgniter(Object(CodeIgniter\CodeIgniter))
#10 C:\wamp64\www\ronstan\public\index.php(56): CodeIgniter\Boot::bootWeb(Object(Config\Paths))
#11 {main}
CRITICAL - 2025-05-19 15:59:59 --> CodeIgniter\Database\Exceptions\DatabaseException: Unknown column 'ArcTotal' in 'field list'
[Method: GET, Route: API/updateMachineData]
in SYSTEMPATH\Database\BaseConnection.php on line 688.
 1 SYSTEMPATH\Database\BaseBuilder.php(1644): CodeIgniter\Database\BaseConnection->query('SELECT `id`, `ArcTotal`
FROM `employee`
WHERE `MachineID` = :MachineID:
AND `Area` = :Area:
ORDER BY `id` DESC
 LIMIT 1', [...], false)
 2 APPPATH\Controllers\APIController.php(524): CodeIgniter\Database\BaseBuilder->get()
 3 SYSTEMPATH\CodeIgniter.php(933): App\Controllers\APIController->updateMachineData()
 4 SYSTEMPATH\CodeIgniter.php(509): CodeIgniter\CodeIgniter->runController(Object(App\Controllers\APIController))
 5 SYSTEMPATH\CodeIgniter.php(355): CodeIgniter\CodeIgniter->handleRequest(null, Object(Config\Cache), false)
 6 SYSTEMPATH\Boot.php(325): CodeIgniter\CodeIgniter->run()
 7 SYSTEMPATH\Boot.php(67): CodeIgniter\Boot::runCodeIgniter(Object(CodeIgniter\CodeIgniter))
 8 FCPATH\index.php(56): CodeIgniter\Boot::bootWeb(Object(Config\Paths))
CRITICAL - 2025-05-19 15:59:59 --> [Caused by] CodeIgniter\Database\Exceptions\DatabaseException: Unknown column 'ArcTotal' in 'field list'
in SYSTEMPATH\Database\MySQLi\Connection.php on line 317.
 1 SYSTEMPATH\Database\BaseConnection.php(734): CodeIgniter\Database\MySQLi\Connection->execute('SELECT `id`, `ArcTotal`
FROM `employee`
WHERE `MachineID` = \'A20-2534\'
AND `Area` = \'1\'
ORDER BY `id` DESC
 LIMIT 1')
 2 SYSTEMPATH\Database\BaseConnection.php(648): CodeIgniter\Database\BaseConnection->simpleQuery('SELECT `id`, `ArcTotal`
FROM `employee`
WHERE `MachineID` = \'A20-2534\'
AND `Area` = \'1\'
ORDER BY `id` DESC
 LIMIT 1')
 3 SYSTEMPATH\Database\BaseBuilder.php(1644): CodeIgniter\Database\BaseConnection->query('SELECT `id`, `ArcTotal`
FROM `employee`
WHERE `MachineID` = :MachineID:
AND `Area` = :Area:
ORDER BY `id` DESC
 LIMIT 1', [...], false)
 4 APPPATH\Controllers\APIController.php(524): CodeIgniter\Database\BaseBuilder->get()
 5 SYSTEMPATH\CodeIgniter.php(933): App\Controllers\APIController->updateMachineData()
 6 SYSTEMPATH\CodeIgniter.php(509): CodeIgniter\CodeIgniter->runController(Object(App\Controllers\APIController))
 7 SYSTEMPATH\CodeIgniter.php(355): CodeIgniter\CodeIgniter->handleRequest(null, Object(Config\Cache), false)
 8 SYSTEMPATH\Boot.php(325): CodeIgniter\CodeIgniter->run()
 9 SYSTEMPATH\Boot.php(67): CodeIgniter\Boot::runCodeIgniter(Object(CodeIgniter\CodeIgniter))
10 FCPATH\index.php(56): CodeIgniter\Boot::bootWeb(Object(Config\Paths))
CRITICAL - 2025-05-19 15:59:59 --> [Caused by] mysqli_sql_exception: Unknown column 'ArcTotal' in 'field list'
in SYSTEMPATH\Database\MySQLi\Connection.php on line 312.
 1 SYSTEMPATH\Database\MySQLi\Connection.php(312): mysqli->query('SELECT `id`, `ArcTotal`
FROM `employee`
WHERE `MachineID` = \'A20-2534\'
AND `Area` = \'1\'
ORDER BY `id` DESC
 LIMIT 1', 0)
 2 SYSTEMPATH\Database\BaseConnection.php(734): CodeIgniter\Database\MySQLi\Connection->execute('SELECT `id`, `ArcTotal`
FROM `employee`
WHERE `MachineID` = \'A20-2534\'
AND `Area` = \'1\'
ORDER BY `id` DESC
 LIMIT 1')
 3 SYSTEMPATH\Database\BaseConnection.php(648): CodeIgniter\Database\BaseConnection->simpleQuery('SELECT `id`, `ArcTotal`
FROM `employee`
WHERE `MachineID` = \'A20-2534\'
AND `Area` = \'1\'
ORDER BY `id` DESC
 LIMIT 1')
 4 SYSTEMPATH\Database\BaseBuilder.php(1644): CodeIgniter\Database\BaseConnection->query('SELECT `id`, `ArcTotal`
FROM `employee`
WHERE `MachineID` = :MachineID:
AND `Area` = :Area:
ORDER BY `id` DESC
 LIMIT 1', [...], false)
 5 APPPATH\Controllers\APIController.php(524): CodeIgniter\Database\BaseBuilder->get()
 6 SYSTEMPATH\CodeIgniter.php(933): App\Controllers\APIController->updateMachineData()
 7 SYSTEMPATH\CodeIgniter.php(509): CodeIgniter\CodeIgniter->runController(Object(App\Controllers\APIController))
 8 SYSTEMPATH\CodeIgniter.php(355): CodeIgniter\CodeIgniter->handleRequest(null, Object(Config\Cache), false)
 9 SYSTEMPATH\Boot.php(325): CodeIgniter\CodeIgniter->run()
10 SYSTEMPATH\Boot.php(67): CodeIgniter\Boot::runCodeIgniter(Object(CodeIgniter\CodeIgniter))
11 FCPATH\index.php(56): CodeIgniter\Boot::bootWeb(Object(Config\Paths))
ERROR - 2025-05-19 16:00:19 --> mysqli_sql_exception: Unknown column 'ArcTotal' in 'field list' in C:\wamp64\www\ronstan\vendor\codeigniter4\framework\system\Database\MySQLi\Connection.php:312
Stack trace:
#0 C:\wamp64\www\ronstan\vendor\codeigniter4\framework\system\Database\MySQLi\Connection.php(312): mysqli->query('SELECT `id`, `A...', 0)
#1 C:\wamp64\www\ronstan\vendor\codeigniter4\framework\system\Database\BaseConnection.php(734): CodeIgniter\Database\MySQLi\Connection->execute('SELECT `id`, `A...')
#2 C:\wamp64\www\ronstan\vendor\codeigniter4\framework\system\Database\BaseConnection.php(648): CodeIgniter\Database\BaseConnection->simpleQuery('SELECT `id`, `A...')
#3 C:\wamp64\www\ronstan\vendor\codeigniter4\framework\system\Database\BaseBuilder.php(1644): CodeIgniter\Database\BaseConnection->query('SELECT `id`, `A...', Array, false)
#4 C:\wamp64\www\ronstan\app\Controllers\APIController.php(524): CodeIgniter\Database\BaseBuilder->get()
#5 C:\wamp64\www\ronstan\vendor\codeigniter4\framework\system\CodeIgniter.php(933): App\Controllers\APIController->updateMachineData()
#6 C:\wamp64\www\ronstan\vendor\codeigniter4\framework\system\CodeIgniter.php(509): CodeIgniter\CodeIgniter->runController(Object(App\Controllers\APIController))
#7 C:\wamp64\www\ronstan\vendor\codeigniter4\framework\system\CodeIgniter.php(355): CodeIgniter\CodeIgniter->handleRequest(NULL, Object(Config\Cache), false)
#8 C:\wamp64\www\ronstan\vendor\codeigniter4\framework\system\Boot.php(325): CodeIgniter\CodeIgniter->run()
#9 C:\wamp64\www\ronstan\vendor\codeigniter4\framework\system\Boot.php(67): CodeIgniter\Boot::runCodeIgniter(Object(CodeIgniter\CodeIgniter))
#10 C:\wamp64\www\ronstan\public\index.php(56): CodeIgniter\Boot::bootWeb(Object(Config\Paths))
#11 {main}
CRITICAL - 2025-05-19 16:00:19 --> CodeIgniter\Database\Exceptions\DatabaseException: Unknown column 'ArcTotal' in 'field list'
[Method: GET, Route: API/updateMachineData]
in SYSTEMPATH\Database\BaseConnection.php on line 688.
 1 SYSTEMPATH\Database\BaseBuilder.php(1644): CodeIgniter\Database\BaseConnection->query('SELECT `id`, `ArcTotal`
FROM `employee`
WHERE `MachineID` = :MachineID:
AND `Area` = :Area:
ORDER BY `id` DESC
 LIMIT 1', [...], false)
 2 APPPATH\Controllers\APIController.php(524): CodeIgniter\Database\BaseBuilder->get()
 3 SYSTEMPATH\CodeIgniter.php(933): App\Controllers\APIController->updateMachineData()
 4 SYSTEMPATH\CodeIgniter.php(509): CodeIgniter\CodeIgniter->runController(Object(App\Controllers\APIController))
 5 SYSTEMPATH\CodeIgniter.php(355): CodeIgniter\CodeIgniter->handleRequest(null, Object(Config\Cache), false)
 6 SYSTEMPATH\Boot.php(325): CodeIgniter\CodeIgniter->run()
 7 SYSTEMPATH\Boot.php(67): CodeIgniter\Boot::runCodeIgniter(Object(CodeIgniter\CodeIgniter))
 8 FCPATH\index.php(56): CodeIgniter\Boot::bootWeb(Object(Config\Paths))
CRITICAL - 2025-05-19 16:00:19 --> [Caused by] CodeIgniter\Database\Exceptions\DatabaseException: Unknown column 'ArcTotal' in 'field list'
in SYSTEMPATH\Database\MySQLi\Connection.php on line 317.
 1 SYSTEMPATH\Database\BaseConnection.php(734): CodeIgniter\Database\MySQLi\Connection->execute('SELECT `id`, `ArcTotal`
FROM `employee`
WHERE `MachineID` = \'A20-2534\'
AND `Area` = \'1\'
ORDER BY `id` DESC
 LIMIT 1')
 2 SYSTEMPATH\Database\BaseConnection.php(648): CodeIgniter\Database\BaseConnection->simpleQuery('SELECT `id`, `ArcTotal`
FROM `employee`
WHERE `MachineID` = \'A20-2534\'
AND `Area` = \'1\'
ORDER BY `id` DESC
 LIMIT 1')
 3 SYSTEMPATH\Database\BaseBuilder.php(1644): CodeIgniter\Database\BaseConnection->query('SELECT `id`, `ArcTotal`
FROM `employee`
WHERE `MachineID` = :MachineID:
AND `Area` = :Area:
ORDER BY `id` DESC
 LIMIT 1', [...], false)
 4 APPPATH\Controllers\APIController.php(524): CodeIgniter\Database\BaseBuilder->get()
 5 SYSTEMPATH\CodeIgniter.php(933): App\Controllers\APIController->updateMachineData()
 6 SYSTEMPATH\CodeIgniter.php(509): CodeIgniter\CodeIgniter->runController(Object(App\Controllers\APIController))
 7 SYSTEMPATH\CodeIgniter.php(355): CodeIgniter\CodeIgniter->handleRequest(null, Object(Config\Cache), false)
 8 SYSTEMPATH\Boot.php(325): CodeIgniter\CodeIgniter->run()
 9 SYSTEMPATH\Boot.php(67): CodeIgniter\Boot::runCodeIgniter(Object(CodeIgniter\CodeIgniter))
10 FCPATH\index.php(56): CodeIgniter\Boot::bootWeb(Object(Config\Paths))
CRITICAL - 2025-05-19 16:00:19 --> [Caused by] mysqli_sql_exception: Unknown column 'ArcTotal' in 'field list'
in SYSTEMPATH\Database\MySQLi\Connection.php on line 312.
 1 SYSTEMPATH\Database\MySQLi\Connection.php(312): mysqli->query('SELECT `id`, `ArcTotal`
FROM `employee`
WHERE `MachineID` = \'A20-2534\'
AND `Area` = \'1\'
ORDER BY `id` DESC
 LIMIT 1', 0)
 2 SYSTEMPATH\Database\BaseConnection.php(734): CodeIgniter\Database\MySQLi\Connection->execute('SELECT `id`, `ArcTotal`
FROM `employee`
WHERE `MachineID` = \'A20-2534\'
AND `Area` = \'1\'
ORDER BY `id` DESC
 LIMIT 1')
 3 SYSTEMPATH\Database\BaseConnection.php(648): CodeIgniter\Database\BaseConnection->simpleQuery('SELECT `id`, `ArcTotal`
FROM `employee`
WHERE `MachineID` = \'A20-2534\'
AND `Area` = \'1\'
ORDER BY `id` DESC
 LIMIT 1')
 4 SYSTEMPATH\Database\BaseBuilder.php(1644): CodeIgniter\Database\BaseConnection->query('SELECT `id`, `ArcTotal`
FROM `employee`
WHERE `MachineID` = :MachineID:
AND `Area` = :Area:
ORDER BY `id` DESC
 LIMIT 1', [...], false)
 5 APPPATH\Controllers\APIController.php(524): CodeIgniter\Database\BaseBuilder->get()
 6 SYSTEMPATH\CodeIgniter.php(933): App\Controllers\APIController->updateMachineData()
 7 SYSTEMPATH\CodeIgniter.php(509): CodeIgniter\CodeIgniter->runController(Object(App\Controllers\APIController))
 8 SYSTEMPATH\CodeIgniter.php(355): CodeIgniter\CodeIgniter->handleRequest(null, Object(Config\Cache), false)
 9 SYSTEMPATH\Boot.php(325): CodeIgniter\CodeIgniter->run()
10 SYSTEMPATH\Boot.php(67): CodeIgniter\Boot::runCodeIgniter(Object(CodeIgniter\CodeIgniter))
11 FCPATH\index.php(56): CodeIgniter\Boot::bootWeb(Object(Config\Paths))
INFO - 2025-05-19 09:05:05 --> Session: Class initialized using 'CodeIgniter\Session\Handlers\FileHandler' driver.
INFO - 2025-05-19 09:05:05 --> Session: Class initialized using 'CodeIgniter\Session\Handlers\FileHandler' driver.
INFO - 2025-05-19 09:05:11 --> Session: Class initialized using 'CodeIgniter\Session\Handlers\FileHandler' driver.
INFO - 2025-05-19 09:05:11 --> Session: Class initialized using 'CodeIgniter\Session\Handlers\FileHandler' driver.
INFO - 2025-05-19 09:05:16 --> Session: Class initialized using 'CodeIgniter\Session\Handlers\FileHandler' driver.
INFO - 2025-05-19 09:05:16 --> Session: Class initialized using 'CodeIgniter\Session\Handlers\FileHandler' driver.
INFO - 2025-05-19 09:05:20 --> Session: Class initialized using 'CodeIgniter\Session\Handlers\FileHandler' driver.
INFO - 2025-05-19 09:05:21 --> Session: Class initialized using 'CodeIgniter\Session\Handlers\FileHandler' driver.
INFO - 2025-05-19 09:05:22 --> Session: Class initialized using 'CodeIgniter\Session\Handlers\FileHandler' driver.
INFO - 2025-05-19 09:05:23 --> Session: Class initialized using 'CodeIgniter\Session\Handlers\FileHandler' driver.
INFO - 2025-05-19 09:05:27 --> Session: Class initialized using 'CodeIgniter\Session\Handlers\FileHandler' driver.
INFO - 2025-05-19 09:05:28 --> Session: Class initialized using 'CodeIgniter\Session\Handlers\FileHandler' driver.
INFO - 2025-05-19 09:09:32 --> Session: Class initialized using 'CodeIgniter\Session\Handlers\FileHandler' driver.
INFO - 2025-05-19 09:09:33 --> Session: Class initialized using 'CodeIgniter\Session\Handlers\FileHandler' driver.
INFO - 2025-05-19 09:09:47 --> Session: Class initialized using 'CodeIgniter\Session\Handlers\FileHandler' driver.
INFO - 2025-05-19 09:09:47 --> Session: Class initialized using 'CodeIgniter\Session\Handlers\FileHandler' driver.
